<?xml version="1.0" encoding="UTF-8"?>
<!-- Generated by org.testng.reporters.JUnitReportReporter -->
<testsuite hostname="raafih-tt0584" failures="0" tests="2" name="part1.FirstTest" time="6.102" errors="0" timestamp="2024-12-12T15:00:23 IST" skipped="0">
  <testcase classname="part1.FirstTest" name="secondTest" time="5.845"/>
  <system-out/>
  <testcase classname="part1.FirstTest" name="firstTest" time="0.257"/>
  <system-out/>
</testsuite> <!-- part1.FirstTest -->
