<?xml version="1.0" encoding="UTF-8"?>
<!-- Generated by org.testng.reporters.JUnitReportReporter -->
<testsuite hostname="raafih-tt0584" failures="0" tests="1" name="part1.ButtonExample" time="2.008" errors="0" timestamp="2024-12-12T13:25:00 IST" skipped="0">
  <testcase classname="part1.ButtonExample" name="setup" time="2.008"/>
  <system-out/>
</testsuite> <!-- part1.ButtonExample -->
